Determining if the pthread_create exist failed with the following output:
Change Dir: /home/nvidia/SLAM_ws/build_isolated/cartographer/install/CMakeFiles/CMakeTmp

Run Build Command:"/usr/bin/ninja" "cmTC_58e39"
[1/2] Building C object CMakeFiles/cmTC_58e39.dir/CheckSymbolExists.c.o
[2/2] Linking C executable cmTC_58e39
FAILED: : && /usr/bin/cc     CMakeFiles/cmTC_58e39.dir/CheckSymbolExists.c.o  -o cmTC_58e39  -rdynamic && :
CMakeFiles/cmTC_58e39.dir/CheckSymbolExists.c.o: In function `main':
CheckSymbolExists.c:(.text+0x14): undefined reference to `pthread_create'
CheckSymbolExists.c:(.text+0x18): undefined reference to `pthread_create'
collect2: error: ld returned 1 exit status
ninja: build stopped: subcommand failed.

File /home/nvidia/SLAM_ws/build_isolated/cartographer/install/CMakeFiles/CMakeTmp/CheckSymbolExists.c:
/* */
#include <pthread.h>

int main(int argc, char** argv)
{
  (void)argv;
#ifndef pthread_create
  return ((int*)(&pthread_create))[argc];
#else
  (void)argc;
  return 0;
#endif
}

Determining if the function pthread_create exists in the pthreads failed with the following output:
Change Dir: /home/nvidia/SLAM_ws/build_isolated/cartographer/install/CMakeFiles/CMakeTmp

Run Build Command:"/usr/bin/ninja" "cmTC_77c08"
[1/2] Building C object CMakeFiles/cmTC_77c08.dir/CheckFunctionExists.c.o
[2/2] Linking C executable cmTC_77c08
FAILED: : && /usr/bin/cc  -DCHECK_FUNCTION_EXISTS=pthread_create   CMakeFiles/cmTC_77c08.dir/CheckFunctionExists.c.o  -o cmTC_77c08  -rdynamic -lpthreads && :
/usr/bin/ld: cannot find -lpthreads
collect2: error: ld returned 1 exit status
ninja: build stopped: subcommand failed.


